TimetableView/build/intermediates/manifest_merge_blame_file/release/manifest-merger-blame-release-report.txt
1<?xml version="1.0" encoding="utf-8"?>
2<manifest xmlns:android="http://schemas.android.com/apk/res/android"
3    package="com.zhuangfei.android_timetableview.sample"
4    android:versionCode="27"
5    android:versionName="2.0.7" >
6
7    <uses-sdk
7-->GUET/TimetableView/AndroidManifest.xml:7:5-47
8        android:minSdkVersion="16"
8-->GUET/TimetableView/AndroidManifest.xml:7:5-47
9        android:targetSdkVersion="26" />
9-->GUET/TimetableView/AndroidManifest.xml:7:15-44
10
11</manifest>